#
# There is insufficient memory for the Java Runtime Environment to continue.
# Native memory allocation (malloc) failed to allocate 1048576 bytes for AllocateHeap
# Possible reasons:
#   The system is out of physical RAM or swap space
#   In 32 bit mode, the process size limit was hit
# Possible solutions:
#   Reduce memory load on the system
#   Increase physical memory or swap space
#   Check if swap backing store is full
#   Use 64 bit Java on a 64 bit OS
#   Decrease Java heap size (-Xmx/-Xms)
#   Decrease number of Java threads
#   Decrease Java thread stack sizes (-Xss)
#   Set larger code cache with -XX:ReservedCodeCacheSize=
# This output file may be truncated or incomplete.
#
#  Out of Memory Error (memory/allocation.inline.hpp:61), pid=20524, tid=0x0000000000005158
#
# JRE version:  (8.0_191-b12) (build )
# Java VM: Java HotSpot(TM) 64-Bit Server VM (25.191-b12 mixed mode windows-amd64 compressed oops)
# Failed to write core dump. Minidumps are not enabled by default on client versions of Windows
#

---------------  T H R E A D  ---------------

Current thread (0x00000000027cb000):  JavaThread "Unknown thread" [_thread_in_vm, id=20824, stack(0x00000000026c0000,0x00000000027c0000)]

Stack: [0x00000000026c0000,0x00000000027c0000]
[error occurred during error reporting (printing stack bounds), id 0xc0000005]

Native frames: (J=compiled Java code, j=interpreted, Vv=VM code, C=native code)


---------------  P R O C E S S  ---------------

Java Threads: ( => current thread )

Other Threads:

=>0x00000000027cb000 (exited) JavaThread "Unknown thread" [_thread_in_vm, id=20824, stack(0x00000000026c0000,0x00000000027c0000)]

VM state:not at safepoint (normal execution)

VM Mutex/Monitor currently owned by a thread: None

Heap:
 PSYoungGen      total 38400K, used 665K [0x00000000d5900000, 0x00000000d8380000, 0x0000000100000000)
  eden space 33280K, 2% used [0x00000000d5900000,0x00000000d59a6670,0x00000000d7980000)
  from space 5120K, 0% used [0x00000000d7e80000,0x00000000d7e80000,0x00000000d8380000)
  to   space 5120K, 0% used [0x00000000d7980000,0x00000000d7980000,0x00000000d7e80000)
 ParOldGen       total 87552K, used 0K [0x0000000080a00000, 0x0000000085f80000, 0x00000000d5900000)
  object space 87552K, 0% used [0x0000000080a00000,0x0000000080a00000,0x0000000085f80000)
 Metaspace       used 775K, capacity 4480K, committed 4480K, reserved 1056768K
  class space    used 76K, capacity 384K, committed 384K, reserved 1048576K

Card table byte_map: [0x0000000011d80000,0x0000000012180000] byte_map_base: 0x000000001197b000

Marking Bits: (ParMarkBitMap*) 0x000000005af73e30
 Begin Bits: [0x0000000012c30000, 0x0000000014c08000)
 End Bits:   [0x0000000014c08000, 0x0000000016be0000)

Polling page: 0x00000000004d0000

CodeCache: size=245760Kb used=328Kb max_used=328Kb free=245431Kb
 bounds [0x00000000029c0000, 0x0000000002c30000, 0x00000000119c0000]
 total_blobs=58 nmethods=0 adapters=38
 compilation: enabled

Compilation events (0 events):
No events

GC Heap History (0 events):
No events

Deoptimization events (0 events):
No events

Classes redefined (0 events):
No events

Internal exceptions (0 events):
No events

Events (10 events):
Event: 0.027 loading class java/lang/Short
Event: 0.027 loading class java/lang/Short done
Event: 0.027 loading class java/lang/Integer
Event: 0.027 loading class java/lang/Integer done
Event: 0.027 loading class java/lang/Long
Event: 0.027 loading class java/lang/Long done
Event: 0.027 loading class java/lang/NullPointerException
Event: 0.027 loading class java/lang/NullPointerException done
Event: 0.027 loading class java/lang/ArithmeticException
Event: 0.027 loading class java/lang/ArithmeticException done


Dynamic libraries:
0x00007ff7dd740000 - 0x00007ff7dd777000 	D:\apps\Java\jdk1.8.0_191\bin\java.exe
0x00007ffe838a0000 - 0x00007ffe83a90000 	C:\WINDOWS\SYSTEM32\ntdll.dll
0x00007ffe82890000 - 0x00007ffe82942000 	C:\WINDOWS\System32\KERNEL32.DLL
0x00007ffe80910000 - 0x00007ffe80bb3000 	C:\WINDOWS\System32\KERNELBASE.dll
0x00007ffe81c90000 - 0x00007ffe81d33000 	C:\WINDOWS\System32\ADVAPI32.dll
0x00007ffe82370000 - 0x00007ffe8240e000 	C:\WINDOWS\System32\msvcrt.dll
0x00007ffe83200000 - 0x00007ffe83297000 	C:\WINDOWS\System32\sechost.dll
0x00007ffe81a50000 - 0x00007ffe81b70000 	C:\WINDOWS\System32\RPCRT4.dll
0x00007ffe81ef0000 - 0x00007ffe82084000 	C:\WINDOWS\System32\USER32.dll
0x00007ffe815b0000 - 0x00007ffe815d1000 	C:\WINDOWS\System32\win32u.dll
0x00007ffe82ae0000 - 0x00007ffe82b06000 	C:\WINDOWS\System32\GDI32.dll
0x00007ffe815e0000 - 0x00007ffe81774000 	C:\WINDOWS\System32\gdi32full.dll
0x00007ffe81880000 - 0x00007ffe8191e000 	C:\WINDOWS\System32\msvcp_win.dll
0x00007ffe81780000 - 0x00007ffe8187a000 	C:\WINDOWS\System32\ucrtbase.dll
0x00007ffe75960000 - 0x00007ffe75be5000 	C:\WINDOWS\WinSxS\amd64_microsoft.windows.common-controls_6595b64144ccf1df_6.0.18362.720_none_e6beb5c51314836b\COMCTL32.dll
0x00007ffe82550000 - 0x00007ffe82886000 	C:\WINDOWS\System32\combase.dll
0x00007ffe80830000 - 0x00007ffe808b0000 	C:\WINDOWS\System32\bcryptPrimitives.dll
0x00007ffe821f0000 - 0x00007ffe8221e000 	C:\WINDOWS\System32\IMM32.DLL
0x000000005b470000 - 0x000000005b542000 	D:\apps\Java\jdk1.8.0_191\jre\bin\msvcr100.dll
0x000000005a750000 - 0x000000005aff4000 	D:\apps\Java\jdk1.8.0_191\jre\bin\server\jvm.dll
0x00007ffe82a20000 - 0x00007ffe82a28000 	C:\WINDOWS\System32\PSAPI.DLL
0x00007ffe7d0c0000 - 0x00007ffe7d0c9000 	C:\WINDOWS\SYSTEM32\WSOCK32.dll
0x00007ffe7b280000 - 0x00007ffe7b28a000 	C:\WINDOWS\SYSTEM32\VERSION.dll
0x00007ffe7e330000 - 0x00007ffe7e354000 	C:\WINDOWS\SYSTEM32\WINMM.dll
0x00007ffe81b70000 - 0x00007ffe81bdf000 	C:\WINDOWS\System32\WS2_32.dll
0x00007ffe7e300000 - 0x00007ffe7e32d000 	C:\WINDOWS\SYSTEM32\WINMMBASE.dll
0x00007ffe80c70000 - 0x00007ffe80cba000 	C:\WINDOWS\System32\cfgmgr32.dll
0x000000005b460000 - 0x000000005b46f000 	D:\apps\Java\jdk1.8.0_191\jre\bin\verify.dll
0x000000005b430000 - 0x000000005b459000 	D:\apps\Java\jdk1.8.0_191\jre\bin\java.dll
0x0000000059bc0000 - 0x0000000059be3000 	D:\apps\Java\jdk1.8.0_191\jre\bin\instrument.dll
0x000000005b410000 - 0x000000005b426000 	D:\apps\Java\jdk1.8.0_191\jre\bin\zip.dll

VM Arguments:
jvm_args: -XX:TieredStopAtLevel=1 -Xverify:none -Dspring.output.ansi.enabled=always -Dcom.sun.management.jmxremote -Dspring.jmx.enabled=true -Dspring.liveBeansView.mbeanDomain -Dspring.application.admin.enabled=true -javaagent:D:\apps\IntelliJ IDEA 2019.3.3\lib\idea_rt.jar=7362:D:\apps\IntelliJ IDEA 2019.3.3\bin -Dfile.encoding=UTF-8 
java_command: com.cloud.wechat.movies.GetWayApplication
java_class_path (initial): D:\apps\Java\jdk1.8.0_191\jre\lib\charsets.jar;D:\apps\Java\jdk1.8.0_191\jre\lib\deploy.jar;D:\apps\Java\jdk1.8.0_191\jre\lib\ext\access-bridge-64.jar;D:\apps\Java\jdk1.8.0_191\jre\lib\ext\cldrdata.jar;D:\apps\Java\jdk1.8.0_191\jre\lib\ext\dnsns.jar;D:\apps\Java\jdk1.8.0_191\jre\lib\ext\jaccess.jar;D:\apps\Java\jdk1.8.0_191\jre\lib\ext\jfxrt.jar;D:\apps\Java\jdk1.8.0_191\jre\lib\ext\localedata.jar;D:\apps\Java\jdk1.8.0_191\jre\lib\ext\nashorn.jar;D:\apps\Java\jdk1.8.0_191\jre\lib\ext\sunec.jar;D:\apps\Java\jdk1.8.0_191\jre\lib\ext\sunjce_provider.jar;D:\apps\Java\jdk1.8.0_191\jre\lib\ext\sunmscapi.jar;D:\apps\Java\jdk1.8.0_191\jre\lib\ext\sunpkcs11.jar;D:\apps\Java\jdk1.8.0_191\jre\lib\ext\zipfs.jar;D:\apps\Java\jdk1.8.0_191\jre\lib\javaws.jar;D:\apps\Java\jdk1.8.0_191\jre\lib\jce.jar;D:\apps\Java\jdk1.8.0_191\jre\lib\jfr.jar;D:\apps\Java\jdk1.8.0_191\jre\lib\jfxswt.jar;D:\apps\Java\jdk1.8.0_191\jre\lib\jsse.jar;D:\apps\Java\jdk1.8.0_191\jre\lib\management-agent.jar;D:\apps\Java\jdk1.8.0_191\jre\lib\plugin.jar;D:\apps\Java\jdk1.8.0_191\jre\lib\resources.jar;D:\apps\Java\jdk1.8.0_191\jre\lib\rt.jar;G:\IdeaProjects\weChat-movies\getWay\target\classes;G:\IdeaProjects\weChat-movies\common\target\classes;G:\repository\mysql\mysql-connector-java\8.0.16\mysql-connector-java-8.0.16.jar;G:\repository\com\google\protobuf\protobuf-java\3.6.1\protobuf-java-3.6.1.jar;G:\repository\com\alibaba\fastjson\1.2.66\fastjson-1.2.66.jar;G:\repository\org\springframework\cloud\spring-cloud-starter-gateway\2.2.0.RELEASE\spring-cloud-starter-gateway-2.2.0.RELEASE.jar;G:\repository\org\springframework\cloud\spring-cloud-starter\2.2.0.RELEASE\spring-cloud-starter-2.2.0.RELEASE.jar;G:\repository\org\springframework\security\spring-security-rsa\1.0.7.RELEASE\spring-security-rsa-1.0.7.RELEASE.jar;G:\repository\org\bouncycastle\bcpkix-jdk15on\1.60\bcpkix-jdk15on-1.60.jar;G:\repository\org\bouncycastle\bcprov-jdk15on\1.60\bcprov-jdk15on-1.60.jar;G:\repository\org\sprin
Launcher Type: SUN_STANDARD

Environment Variables:
JAVA_HOME=D:\apps\Java\jdk1.8.0_191
PATH=C:\Program Files (x86)\Common Files\Oracle\Java\javapath;C:\windows\system32;C:\windows;C:\windows\System32\Wbem;C:\windows\System32\WindowsPowerShell\v1.0\;C:\Program Files\NVIDIA Corporation\NVIDIA NvDLISR;C:\Program Files (x86)\NVIDIA Corporation\PhysX\Common;D:\apps\nodejs\;D:\apps\Java\jdk1.8.0_191\bin;D:\apps\Git\cmd;G:\apache-maven-3.6.0\bin;D:\apps\Git\bin;G:\googleFluter\flutter\bin;D:\apps\nodejs\node_global;C:\WINDOWS\system32;C:\WINDOWS;C:\WINDOWS\System32\Wbem;C:\WINDOWS\System32\WindowsPowerShell\v1.0\;C:\WINDOWS\System32\OpenSSH\;D:\apps\Android_SDK;D:\apps\Python\Python37\Scripts\;D:\apps\Python\Python37\;C:\Users\Administrator\AppData\Local\Microsoft\WindowsApps;C:\Users\Administrator\AppData\Roaming\npm;
USERNAME=Administrator
OS=Windows_NT
PROCESSOR_IDENTIFIER=Intel64 Family 6 Model 94 Stepping 3, GenuineIntel



---------------  S Y S T E M  ---------------

OS: Windows 10.0 , 64 bit Build 18362 (10.0.18362.329)

CPU:total 8 (initial active 8) (4 cores per cpu, 2 threads per core) family 6 model 94 stepping 3, cmov, cx8, fxsr, mmx, sse, sse2, sse3, ssse3, sse4.1, sse4.2, popcnt, avx, avx2, aes, clmul, erms, rtm, 3dnowpref, lzcnt, ht, tsc, tscinvbit, bmi1, bmi2, adx

Memory: 4k page, physical 8340572k(796652k free), swap 17381504k(5676k free)

vm_info: Java HotSpot(TM) 64-Bit Server VM (25.191-b12) for windows-amd64 JRE (1.8.0_191-b12), built on Oct  6 2018 09:29:03 by "java_re" with MS VC++ 10.0 (VS2010)

time: Sun Mar 22 20:23:07 2020
elapsed time: 0 seconds (0d 0h 0m 0s)

